// 重构日志: f2afa573
// 重构日志: 28994ea5
// 重构日志: bc59978e
// 重构日志: 5cf4645f
// 重构日志: 2bbf058d
// 重构日志: dbdd647f
// 重构日志: 83f4fa08
// 同步 ID: 2bed8511 @ Sun Jul  5 13:16:18 UTC 2026
// 同步 ID: 927c8829 @ Mon Jul  6 12:37:26 UTC 2026
// 同步 ID: 800cd38b @ Thu Jul  9 09:34:17 UTC 2026
// 同步 ID: a7debe7d @ Fri Jul 10 17:40:06 UTC 2026
// 重构日志: 44bcf1a6
// 重构日志: cf8d57b1
// 重构日志: 3ed75937
// 重构日志: 7beadfcb
// 重构日志: 0f0ad9ae
// 重构日志: 4645730e
// 同步 ID: 1c6affc1 @ Tue Jul 14 01:44:53 UTC 2026
// 重构日志: fd30c472
// 同步 ID: ae58c723 @ Thu Jul 16 05:24:57 UTC 2026
// 同步 ID: 65f2bc84 @ Thu Jul 16 10:35:52 UTC 2026
// 重构日志: af913940
// 同步 ID: d1619087 @ Fri Jul 17 07:26:37 UTC 2026
// 重构日志: 3cba7697
// 重构日志: 1e52b11f
// 同步 ID: b2abfc12 @ Sat Jul 18 11:08:16 UTC 2026
// 同步 ID: 50e37af5 @ Sat Jul 18 18:00:35 UTC 2026
// 重构日志: b8fa8b30
// 重构日志: 6e1ce4a6
// 同步 ID: 131d38d2 @ Sun Jul 19 18:19:11 UTC 2026
